<?xml version="1.0" encoding="UTF-8"?>
<!-- Generated by org.testng.reporters.JUnitXMLReporter -->
<testsuite hostname="DESKTOP-S5FPP8F" name="zadatak4" tests="5" failures="1" timestamp="15 May 2018 21:11:50 GMT" time="0.131" errors="0">
  <testcase name="testAdd" time="0.004" classname="unittesting.calculator.CalculatorTestParametrized"/>
  <testcase name="testDiv" time="0.01" classname="unittesting.calculator.CalculatorTestParametrized"/>
  <testcase name="testMul" time="0.004" classname="unittesting.calculator.CalculatorTestParametrized"/>
  <testcase name="testSquare" time="0.015" classname="unittesting.calculator.CalculatorTestParametrized"/>
  <testcase name="testSub" time="0.014" classname="unittesting.calculator.CalculatorTestParametrized">
    <failure type="java.lang.AssertionError" message="expected:&amp;lt;-9&amp;gt; but was:&amp;lt;-1&amp;gt;">
      <![CDATA[java.lang.AssertionError: expected:<-9> but was:<-1>
	at org.junit.Assert.fail(Assert.java:88)
	at org.junit.Assert.failNotEquals(Assert.java:834)
	at org.junit.Assert.assertEquals(Assert.java:645)
	at org.junit.Assert.assertEquals(Assert.java:631)
	at unittesting.calculator.CalculatorTestParametrized.testSub(CalculatorTestParametrized.java:60)
... Removed 24 stack frames]]>
    </failure>
  </testcase> <!-- testSub -->
</testsuite> <!-- zadatak4 -->
